  PathGenerator.cpp
  raaAnimatedFacarde.cpp
  raaAnimationPathCallback.cpp
  raaAnimationPointFinder.cpp
  raaAssetLibrary.cpp
  raaAssignment2.cpp
  raaBoundCalculator.cpp
  raaCarFacarde.cpp
  raaCollisionTarget.cpp
  raaFacarde.cpp
  raaFinder.cpp
  raaInputController.cpp
  raaNodeCallbackFacarde.cpp
  raaRoadTileFacarde.cpp
  raaSwitchActivator.cpp
  raaTrafficSystem.cpp
  TrafficLightControl.cpp
  TrafficLightFacarde.cpp
  Generating Code...
  raaAssignment2.vcxproj -> D:\uniAssignments\y3\Big Files\Computer Graphics - Assign 2\osg-3.6.5-VC2019-x64\bin\raaAssignment2.exe
