c:\--mine\my files\uni\y3\cg\sem2\assignment\raaosgassignment-template\raaassignment2\raaassignment2\x64\debug\vc142.pdb
c:\--mine\my files\uni\y3\cg\sem2\assignment\raaosgassignment-template\raaassignment2\raaassignment2\x64\debug\vc142.idb
c:\--mine\my files\uni\y3\cg\sem2\assignment\raaosgassignment-template\raaassignment2\raaassignment2\x64\debug\raatrafficsystem.obj
c:\--mine\my files\uni\y3\cg\sem2\assignment\raaosgassignment-template\raaassignment2\raaassignment2\x64\debug\raaswitchactivator.obj
c:\--mine\my files\uni\y3\cg\sem2\assignment\raaosgassignment-template\raaassignment2\raaassignment2\x64\debug\raaroadtilefacarde.obj
c:\--mine\my files\uni\y3\cg\sem2\assignment\raaosgassignment-template\raaassignment2\raaassignment2\x64\debug\raanodecallbackfacarde.obj
c:\--mine\my files\uni\y3\cg\sem2\assignment\raaosgassignment-template\raaassignment2\raaassignment2\x64\debug\raainputcontroller.obj
c:\--mine\my files\uni\y3\cg\sem2\assignment\raaosgassignment-template\raaassignment2\raaassignment2\x64\debug\raafinder.obj
c:\--mine\my files\uni\y3\cg\sem2\assignment\raaosgassignment-template\raaassignment2\raaassignment2\x64\debug\raafacarde.obj
c:\--mine\my files\uni\y3\cg\sem2\assignment\raaosgassignment-template\raaassignment2\raaassignment2\x64\debug\raacollisiontarget.obj
c:\--mine\my files\uni\y3\cg\sem2\assignment\raaosgassignment-template\raaassignment2\raaassignment2\x64\debug\raacarfacarde.obj
c:\--mine\my files\uni\y3\cg\sem2\assignment\raaosgassignment-template\raaassignment2\raaassignment2\x64\debug\raaboundcalculator.obj
c:\--mine\my files\uni\y3\cg\sem2\assignment\raaosgassignment-template\raaassignment2\raaassignment2\x64\debug\raaassignment2.obj
c:\--mine\my files\uni\y3\cg\sem2\assignment\raaosgassignment-template\raaassignment2\raaassignment2\x64\debug\raaassetlibrary.obj
c:\--mine\my files\uni\y3\cg\sem2\assignment\raaosgassignment-template\raaassignment2\raaassignment2\x64\debug\raaanimationpointfinder.obj
c:\--mine\my files\uni\y3\cg\sem2\assignment\raaosgassignment-template\raaassignment2\raaassignment2\x64\debug\raaanimationpathcallback.obj
c:\--mine\my files\uni\y3\cg\sem2\assignment\raaosgassignment-template\raaassignment2\raaassignment2\x64\debug\raaanimatedfacarde.obj
c:\--mine\my files\uni\y3\cg\sem2\assignment\raaosgassignment-template\osg-3.6.5-vc2019-x64\bin\raaassignment2.exe
c:\--mine\my files\uni\y3\cg\sem2\assignment\raaosgassignment-template\raaassignment2\raaassignment2\x64\debug\raaassignment2.ilk
c:\--mine\my files\uni\y3\cg\sem2\assignment\raaosgassignment-template\osg-3.6.5-vc2019-x64\bin\raaassignment2.pdb
c:\--mine\my files\uni\y3\cg\sem2\assignment\raaosgassignment-template\raaassignment2\raaassignment2\x64\debug\raaassignment2.tlog\cl.command.1.tlog
c:\--mine\my files\uni\y3\cg\sem2\assignment\raaosgassignment-template\raaassignment2\raaassignment2\x64\debug\raaassignment2.tlog\cl.read.1.tlog
c:\--mine\my files\uni\y3\cg\sem2\assignment\raaosgassignment-template\raaassignment2\raaassignment2\x64\debug\raaassignment2.tlog\cl.write.1.tlog
c:\--mine\my files\uni\y3\cg\sem2\assignment\raaosgassignment-template\raaassignment2\raaassignment2\x64\debug\raaassignment2.tlog\link.command.1.tlog
c:\--mine\my files\uni\y3\cg\sem2\assignment\raaosgassignment-template\raaassignment2\raaassignment2\x64\debug\raaassignment2.tlog\link.read.1.tlog
c:\--mine\my files\uni\y3\cg\sem2\assignment\raaosgassignment-template\raaassignment2\raaassignment2\x64\debug\raaassignment2.tlog\link.write.1.tlog
